
5월 23, 2023 15:41:19.27 NEW SESSION
5월 23, 2023 15:41:19.27 [11436:6876:0523/154119.276:ERROR:interface_endpoint_client.cc(696)] Message 0 rejected by interface blink.mojom.WidgetHost

5월 24, 2023 11:44:13.20 NEW SESSION
5월 24, 2023 11:44:13.20 [10780:9692:0524/114413.186:ERROR:interface_endpoint_client.cc(696)] Message 1 rejected by interface blink.mojom.WidgetHost

5월 24, 2023 12:57:26.77 NEW SESSION
5월 24, 2023 12:57:26.77 [9736:4908:0524/125726.770:ERROR:interface_endpoint_client.cc(696)] Message 1 rejected by interface blink.mojom.WidgetHost
5월 24, 2023 14:01:06.36 [9736:4908:0524/140106.368:ERROR:interface_endpoint_client.cc(696)] Message 1 rejected by interface blink.mojom.WidgetHost
5월 24, 2023 16:11:49.93 [9736:4908:0524/161149.937:ERROR:interface_endpoint_client.cc(696)] Message 1 rejected by interface blink.mojom.WidgetHost
5월 24, 2023 16:14:37.27 [9736:4908:0524/161437.274:ERROR:interface_endpoint_client.cc(696)] Message 0 rejected by interface blink.mojom.WidgetHost
5월 24, 2023 16:14:37.27 [9736:4908:0524/161437.274:ERROR:interface_endpoint_client.cc(696)] Message 1 rejected by interface blink.mojom.WidgetHost

5월 26, 2023 10:33:35.07 NEW SESSION
5월 26, 2023 10:33:35.07 [0526/103335.076:ERROR:filesystem_win.cc(130)] GetFileAttributes C:\Users\Administrator\AppData\Local\Google\Chrome\User Data\Crashpad\attachments\db5c4bf6-adfc-4222-8295-c30d047c0709: 지정된 파일을 찾을 수 없습니다. (0x2)
5월 26, 2023 10:33:35.08 [0526/103335.077:ERROR:filesystem_win.cc(130)] GetFileAttributes C:\Users\Administrator\AppData\Local\Google\Chrome\User Data\Crashpad\attachments\59116dfb-2362-4eeb-bdf5-4ad6dc0949a7: 지정된 파일을 찾을 수 없습니다. (0x2)
5월 26, 2023 10:33:35.08 [0526/103335.078:ERROR:filesystem_win.cc(130)] GetFileAttributes C:\Users\Administrator\AppData\Local\Google\Chrome\User Data\Crashpad\attachments\5307230d-0d75-4a59-a1e3-260e06b0df7a: 지정된 파일을 찾을 수 없습니다. (0x2)
5월 26, 2023 10:33:35.08 [0526/103335.078:ERROR:filesystem_win.cc(130)] GetFileAttributes C:\Users\Administrator\AppData\Local\Google\Chrome\User Data\Crashpad\attachments\fed8ec63-c2c4-41d3-b6e2-dc9f9df00e8e: 지정된 파일을 찾을 수 없습니다. (0x2)
5월 26, 2023 10:33:35.08 [0526/103335.078:ERROR:filesystem_win.cc(130)] GetFileAttributes C:\Users\Administrator\AppData\Local\Google\Chrome\User Data\Crashpad\attachments\db5c4bf6-adfc-4222-8295-c30d047c0709: 지정된 파일을 찾을 수 없습니다. (0x2)
5월 26, 2023 10:33:35.08 [0526/103335.078:ERROR:filesystem_win.cc(130)] GetFileAttributes C:\Users\Administrator\AppData\Local\Google\Chrome\User Data\Crashpad\attachments\59116dfb-2362-4eeb-bdf5-4ad6dc0949a7: 지정된 파일을 찾을 수 없습니다. (0x2)
5월 26, 2023 10:33:35.08 [0526/103335.078:ERROR:filesystem_win.cc(130)] GetFileAttributes C:\Users\Administrator\AppData\Local\Google\Chrome\User Data\Crashpad\attachments\5307230d-0d75-4a59-a1e3-260e06b0df7a: 지정된 파일을 찾을 수 없습니다. (0x2)
5월 26, 2023 10:33:35.08 [0526/103335.078:ERROR:filesystem_win.cc(130)] GetFileAttributes C:\Users\Administrator\AppData\Local\Google\Chrome\User Data\Crashpad\attachments\fed8ec63-c2c4-41d3-b6e2-dc9f9df00e8e: 지정된 파일을 찾을 수 없습니다. (0x2)
5월 26, 2023 10:33:35.08 [0526/103335.079:ERROR:filesystem_win.cc(130)] GetFileAttributes C:\Users\Administrator\AppData\Local\Google\Chrome\User Data\Crashpad\attachments\db5c4bf6-adfc-4222-8295-c30d047c0709: 지정된 파일을 찾을 수 없습니다. (0x2)
5월 26, 2023 10:33:35.08 [0526/103335.079:ERROR:filesystem_win.cc(130)] GetFileAttributes C:\Users\Administrator\AppData\Local\Google\Chrome\User Data\Crashpad\attachments\59116dfb-2362-4eeb-bdf5-4ad6dc0949a7: 지정된 파일을 찾을 수 없습니다. (0x2)
5월 26, 2023 10:33:35.08 [0526/103335.079:ERROR:filesystem_win.cc(130)] GetFileAttributes C:\Users\Administrator\AppData\Local\Google\Chrome\User Data\Crashpad\attachments\5307230d-0d75-4a59-a1e3-260e06b0df7a: 지정된 파일을 찾을 수 없습니다. (0x2)
5월 26, 2023 10:33:35.08 [0526/103335.079:ERROR:filesystem_win.cc(130)] GetFileAttributes C:\Users\Administrator\AppData\Local\Google\Chrome\User Data\Crashpad\attachments\fed8ec63-c2c4-41d3-b6e2-dc9f9df00e8e: 지정된 파일을 찾을 수 없습니다. (0x2)
5월 26, 2023 10:33:35.08 [0526/103335.080:ERROR:filesystem_win.cc(130)] GetFileAttributes C:\Users\Administrator\AppData\Local\Google\Chrome\User Data\Crashpad\attachments\fed8ec63-c2c4-41d3-b6e2-dc9f9df00e8e: 지정된 파일을 찾을 수 없습니다. (0x2)
5월 26, 2023 10:33:35.08 [0526/103335.080:ERROR:filesystem_win.cc(130)] GetFileAttributes C:\Users\Administrator\AppData\Local\Google\Chrome\User Data\Crashpad\attachments\db5c4bf6-adfc-4222-8295-c30d047c0709: 지정된 파일을 찾을 수 없습니다. (0x2)
5월 26, 2023 10:33:35.08 [0526/103335.080:ERROR:filesystem_win.cc(130)] GetFileAttributes C:\Users\Administrator\AppData\Local\Google\Chrome\User Data\Crashpad\attachments\59116dfb-2362-4eeb-bdf5-4ad6dc0949a7: 지정된 파일을 찾을 수 없습니다. (0x2)
5월 26, 2023 10:33:35.08 [0526/103335.080:ERROR:filesystem_win.cc(130)] GetFileAttributes C:\Users\Administrator\AppData\Local\Google\Chrome\User Data\Crashpad\attachments\5307230d-0d75-4a59-a1e3-260e06b0df7a: 지정된 파일을 찾을 수 없습니다. (0x2)
5월 26, 2023 10:33:35.08 [0526/103335.080:ERROR:filesystem_win.cc(130)] GetFileAttributes C:\Users\Administrator\AppData\Local\Google\Chrome\User Data\Crashpad\attachments\5307230d-0d75-4a59-a1e3-260e06b0df7a: 지정된 파일을 찾을 수 없습니다. (0x2)
5월 26, 2023 10:33:35.08 [0526/103335.081:ERROR:filesystem_win.cc(130)] GetFileAttributes C:\Users\Administrator\AppData\Local\Google\Chrome\User Data\Crashpad\attachments\db5c4bf6-adfc-4222-8295-c30d047c0709: 지정된 파일을 찾을 수 없습니다. (0x2)
5월 26, 2023 10:33:35.08 [0526/103335.081:ERROR:filesystem_win.cc(130)] GetFileAttributes C:\Users\Administrator\AppData\Local\Google\Chrome\User Data\Crashpad\attachments\59116dfb-2362-4eeb-bdf5-4ad6dc0949a7: 지정된 파일을 찾을 수 없습니다. (0x2)
5월 26, 2023 10:33:35.08 [0526/103335.081:ERROR:filesystem_win.cc(130)] GetFileAttributes C:\Users\Administrator\AppData\Local\Google\Chrome\User Data\Crashpad\attachments\59116dfb-2362-4eeb-bdf5-4ad6dc0949a7: 지정된 파일을 찾을 수 없습니다. (0x2)
5월 26, 2023 10:33:35.08 [0526/103335.082:ERROR:filesystem_win.cc(130)] GetFileAttributes C:\Users\Administrator\AppData\Local\Google\Chrome\User Data\Crashpad\attachments\db5c4bf6-adfc-4222-8295-c30d047c0709: 지정된 파일을 찾을 수 없습니다. (0x2)
5월 26, 2023 10:33:35.08 [0526/103335.082:ERROR:filesystem_win.cc(130)] GetFileAttributes C:\Users\Administrator\AppData\Local\Google\Chrome\User Data\Crashpad\attachments\db5c4bf6-adfc-4222-8295-c30d047c0709: 지정된 파일을 찾을 수 없습니다. (0x2)

5월 26, 2023 15:52:06.77 NEW SESSION
5월 26, 2023 15:52:06.77 [libprotobuf ERROR ..\..\third_party\protobuf\src\google\protobuf\message_lite.cc:133] Can't parse message of type "safe_browsing.ClientDownloadRequest" because it is missing required fields: (cannot determine missing fields for lite message)
5월 26, 2023 15:54:25.41 [libprotobuf ERROR ..\..\third_party\protobuf\src\google\protobuf\message_lite.cc:133] Can't parse message of type "safe_browsing.ClientDownloadRequest" because it is missing required fields: (cannot determine missing fields for lite message)
5월 26, 2023 15:54:25.99 [libprotobuf ERROR ..\..\third_party\protobuf\src\google\protobuf\message_lite.cc:133] Can't parse message of type "safe_browsing.ClientDownloadRequest" because it is missing required fields: (cannot determine missing fields for lite message)

5월 30, 2023 09:44:30.29 NEW SESSION
5월 30, 2023 09:44:30.29 [8016:9060:0530/094430.288:ERROR:interface_endpoint_client.cc(696)] Message 1 rejected by interface blink.mojom.WidgetHost

5월 31, 2023 18:15:49.11 NEW SESSION
5월 31, 2023 18:15:49.11 [960:956:0531/181549.111:ERROR:interface_endpoint_client.cc(696)] Message 1 rejected by interface blink.mojom.WidgetHost

6월 02, 2023 09:41:28.01 NEW SESSION
6월 02, 2023 09:41:28.01 [184:2972:0602/094128.017:ERROR:interface_endpoint_client.cc(696)] Message 1 rejected by interface blink.mojom.WidgetHost
6월 02, 2023 09:59:21.92 [184:2972:0602/095921.926:ERROR:CONSOLE(1)] "Request CacheStorage.requestCacheNames failed. {"code":-32602,"message":"No frame found for given storage key"}", source: devtools://devtools/bundled/devtools-frontend/front_end/core/protocol_client/protocol_client.js (1)
6월 02, 2023 09:59:22.05 [184:2972:0602/095922.055:ERROR:CONSOLE(1)] "Failed parsing cookie header before: ; domain=.about.co.kr
6월 02, 2023 09:59:22.05 PCID=b1b60bf103ba48dcb968012c5d78dad5-1685667561; path=/; expires=Wed, 29-Nov-2023 00:59:21 GMT; SameSite=None; Secure;; domain=.about.co.kr
6월 02, 2023 09:59:22.05 ABTME=1685667561; path=/; expires=Wed, 29-Nov-2023 00:59:21 GMT; SameSite=None; Secure;; domain=.about.co.kr
6월 02, 2023 09:59:22.05 DAY=153; path=/; expires=Wed, 29-Nov-2023 00:59:21 GMT; SameSite=None; Secure;; domain=.about.co.kr
6월 02, 2023 09:59:22.05 PYSID=65081f6ee4a0460b91d9d5eca228a549; path=/; expires=; SameSite=None; Secure;; domain=.about.co.kr", source: devtools://devtools/bundled/devtools-frontend/front_end/core/sdk/sdk.js (1)
6월 02, 2023 09:59:51.89 [184:2972:0602/095951.891:ERROR:CONSOLE(1)] "Request CacheStorage.requestCacheNames failed. {"code":-32602,"message":"No frame found for given storage key"}", source: devtools://devtools/bundled/devtools-frontend/front_end/core/protocol_client/protocol_client.js (1)
6월 02, 2023 09:59:51.97 [184:2972:0602/095951.978:ERROR:CONSOLE(1)] "Failed parsing cookie header before: ; domain=.about.co.kr
6월 02, 2023 09:59:51.97 PCID=b1b60bf103ba48dcb968012c5d78dad5-1685667591; path=/; expires=Wed, 29-Nov-2023 00:59:51 GMT; SameSite=None; Secure;; domain=.about.co.kr
6월 02, 2023 09:59:51.97 ABTME=1685667561; path=/; expires=Wed, 29-Nov-2023 00:59:51 GMT; SameSite=None; Secure;; domain=.about.co.kr
6월 02, 2023 09:59:51.97 DAY=153; path=/; expires=Wed, 29-Nov-2023 00:59:51 GMT; SameSite=None; Secure;; domain=.about.co.kr
6월 02, 2023 09:59:51.97 PYSID=65081f6ee4a0460b91d9d5eca228a549; path=/; expires=; SameSite=None; Secure;; domain=.about.co.kr", source: devtools://devtools/bundled/devtools-frontend/front_end/core/sdk/sdk.js (1)
6월 02, 2023 13:07:44.50 [184:2972:0602/130744.506:ERROR:CONSOLE(1)] "Failed parsing cookie header before: ; domain=.about.co.kr
6월 02, 2023 13:07:44.50 PCID=b1b60bf103ba48dcb968012c5d78dad5-1685678863; path=/; expires=Wed, 29-Nov-2023 04:07:43 GMT; SameSite=None; Secure;; domain=.about.co.kr
6월 02, 2023 13:07:44.50 ABTME=1685667561; path=/; expires=Wed, 29-Nov-2023 04:07:43 GMT; SameSite=None; Secure;; domain=.about.co.kr
6월 02, 2023 13:07:44.50 DAY=153; path=/; expires=Wed, 29-Nov-2023 04:07:43 GMT; SameSite=None; Secure;; domain=.about.co.kr
6월 02, 2023 13:07:44.50 PYSID=65081f6ee4a0460b91d9d5eca228a549; path=/; expires=; SameSite=None; Secure;; domain=.about.co.kr", source: devtools://devtools/bundled/devtools-frontend/front_end/core/sdk/sdk.js (1)
